<component name="libraryTable">
  <library name="JUnit4">
    <CLASSES>
      <root url="file://C:/JUnit4" />
    </CLASSES>
    <JAVADOC />
    <SOURCES />
    <jarDirectory url="file://C:/JUnit4" recursive="false" />
  </library>
</component>